<?xml version="1.0" encoding="UTF-8"?>
<!-- Generated by org.testng.reporters.JUnitXMLReporter -->
<testsuite ignored="0" hostname="SIRIIN1036" failures="1" tests="3" name="BasicTests" time="77.742" errors="0" timestamp="2026-07-15T23:46:48 IST">
  <testcase classname="Tests.Test1" name="verifyPage" time="32.054">
    <failure type="com.microsoft.playwright.TimeoutError" message="Error {
  message=&amp;apos;Timeout 30000ms exceeded.
  name=&amp;apos;TimeoutError
  stack=&amp;apos;TimeoutError: Timeout 30000ms exceeded.
    at _ProgressController.run (C:\Users\Siritek\AppData\Local\Temp\playwright-java-7630017691855097722\package\lib\coreBundle.js:11750:32)
    at _FrameDispatcher._runCommand (C:\Users\Siritek\AppData\Local\Temp\playwright-java-7630017691855097722\package\lib\coreBundle.js:18203:35)
    at DispatcherConnection.dispatch (C:\Users\Siritek\AppData\Local\Temp\playwright-java-7630017691855097722\package\lib\coreBundle.js:18408:44)
}
Call log:
-   - navigating to &amp;quot;https://opensource-demo.orangehrmlive.com/web/index.php/auth/login&amp;quot;, waiting until &amp;quot;load&amp;quot;
">
      <![CDATA[com.microsoft.playwright.TimeoutError: Error {
  message='Timeout 30000ms exceeded.
  name='TimeoutError
  stack='TimeoutError: Timeout 30000ms exceeded.
    at _ProgressController.run (C:\Users\Siritek\AppData\Local\Temp\playwright-java-7630017691855097722\package\lib\coreBundle.js:11750:32)
    at _FrameDispatcher._runCommand (C:\Users\Siritek\AppData\Local\Temp\playwright-java-7630017691855097722\package\lib\coreBundle.js:18203:35)
    at DispatcherConnection.dispatch (C:\Users\Siritek\AppData\Local\Temp\playwright-java-7630017691855097722\package\lib\coreBundle.js:18408:44)
}
Call log:
-   - navigating to "https://opensource-demo.orangehrmlive.com/web/index.php/auth/login", waiting until "load"

at com.microsoft.playwright.impl.WaitableResult.get(WaitableResult.java:52)
at com.microsoft.playwright.impl.ChannelOwner.runUntil(ChannelOwner.java:146)
at com.microsoft.playwright.impl.Connection.sendMessage(Connection.java:132)
at com.microsoft.playwright.impl.ChannelOwner.sendMessage(ChannelOwner.java:132)
at com.microsoft.playwright.impl.FrameImpl.navigateImpl(FrameImpl.java:429)
at com.microsoft.playwright.impl.PageImpl.navigate(PageImpl.java:958)
at com.microsoft.playwright.impl.PageImpl.navigate(PageImpl.java:43)
at com.microsoft.playwright.Page.navigate(Page.java:5549)
at Tests.Test1.verifyPage(Test1.java:27)
at java.base/java.util.ArrayList.forEach(ArrayList.java:1612)
Caused by: com.microsoft.playwright.TimeoutError: Error {
  message='Timeout 30000ms exceeded.
  name='TimeoutError
  stack='TimeoutError: Timeout 30000ms exceeded.
    at _ProgressController.run (C:\Users\Siritek\AppData\Local\Temp\playwright-java-7630017691855097722\package\lib\coreBundle.js:11750:32)
    at _FrameDispatcher._runCommand (C:\Users\Siritek\AppData\Local\Temp\playwright-java-7630017691855097722\package\lib\coreBundle.js:18203:35)
    at DispatcherConnection.dispatch (C:\Users\Siritek\AppData\Local\Temp\playwright-java-7630017691855097722\package\lib\coreBundle.js:18408:44)
}
Call log:
-   - navigating to "https://opensource-demo.orangehrmlive.com/web/index.php/auth/login", waiting until "load"

at com.microsoft.playwright.impl.Connection.dispatch(Connection.java:266)
at com.microsoft.playwright.impl.Connection.processOneMessage(Connection.java:222)
at com.microsoft.playwright.impl.ChannelOwner.runUntil(ChannelOwner.java:144)
... 33 more
... Removed 25 stack frames]]>
    </failure>
  </testcase> <!-- verifyPage -->
  <testcase classname="Tests.Test1" name="verifyTitle" time="3.072"/>
  <testcase classname="Tests.LoginTest" name="test" time="33.097"/>
</testsuite> <!-- BasicTests -->
