<?xml version="1.0" encoding="UTF-8"?>
<testng-results ignored="0" total="1" passed="1" failed="0" skipped="0">
  <reporter-output>
  </reporter-output>
  <suite started-at="2026-07-15T20:08:42 IST" name="Default suite" finished-at="2026-07-15T20:09:21 IST" duration-ms="39454">
    <groups>
    </groups>
    <test started-at="2026-07-15T20:08:42 IST" name="Default test" finished-at="2026-07-15T20:09:21 IST" duration-ms="39454">
      <class name="Tests.LoginTest">
        <test-method is-config="true" signature="setup()[pri:0, instance:Tests.LoginTest@2473d930]" started-at="2026-07-15T20:08:42 IST" name="setup" finished-at="2026-07-15T20:08:43 IST" duration-ms="1770" status="PASS">
          <reporter-output>
          </reporter-output>
        </test-method> <!-- setup -->
        <test-method signature="test()[pri:0, instance:Tests.LoginTest@2473d930]" started-at="2026-07-15T20:08:43 IST" name="test" finished-at="2026-07-15T20:09:21 IST" duration-ms="37478" status="PASS">
          <reporter-output>
          </reporter-output>
        </test-method> <!-- test -->
        <test-method is-config="true" signature="teardown()[pri:0, instance:Tests.LoginTest@2473d930]" started-at="2026-07-15T20:09:21 IST" name="teardown" finished-at="2026-07-15T20:09:21 IST" duration-ms="175" status="PASS">
          <reporter-output>
          </reporter-output>
        </test-method> <!-- teardown -->
      </class> <!-- Tests.LoginTest -->
    </test> <!-- Default test -->
  </suite> <!-- Default suite -->
</testng-results>
